Whit changed Pos: council to WannaBe. Fri Dec  6 01:53:51 2002
Whit changed Pos: council to council. Fri Dec  6 01:55:05 2002
Whit changed Pos: council to Council. Fri Dec  6 01:55:19 2002
Halo changed Pos: leader to Solar. Fri Dec  6 02:05:04 2002
Halo changed Pos: council to Councilor. Fri Dec  6 02:07:12 2002
Halo changed Pos: council to Counciler. Fri Dec  6 02:07:20 2002
Halo changed Pos: council to Councilor. Fri Dec  6 02:07:24 2002
Halo changed Pos: squire to Sweeper. Fri Dec  6 02:07:42 2002
Halo changed Pos: member to Soldat. Fri Dec  6 02:32:24 2002
Halo changed Pos: squire to Mub. Fri Dec  6 02:32:46 2002
Lucifer changed Pos: leader to testing. Fri Dec  6 03:23:12 2002
Lucifer changed Pos: leader to leader. Fri Dec  6 03:24:06 2002
Lucifer changed Pos: squire to Peon. Fri Dec  6 03:24:20 2002
Lucifer changed Pos: council to advisor. Fri Dec  6 03:24:50 2002
Lucifer changed Pos: leader to PimpMastahs. Fri Dec  6 23:08:12 2002
Lucifer changed Pos: leader to PimpMastah. Fri Dec  6 23:11:24 2002
Lucifer changed Pos: leader to BLah. Fri Dec  6 23:11:52 2002
Lucifer changed Pos: leader to Blah. Fri Dec  6 23:12:16 2002
Lucifer changed Pos: leader to l3tx0rh4x0rs. Fri Dec  6 23:13:36 2002
Lucifer changed Pos: leader to l33tx0rh4x0rs. Fri Dec  6 23:14:38 2002
Lucifer changed Pos: leader to Da Bosses. Fri Dec  6 23:46:16 2002
Lucifer changed Pos: squire to peon. Sun Dec  8 05:51:21 2002
Mochaprincess changed Pos: leader to Founders. Sun Dec  8 15:34:43 2002
Mochaprincess changed Pos: leader to Founder. Sun Dec  8 15:34:53 2002
Mochaprincess changed Pos: council to Advisor. Sun Dec  8 15:35:11 2002
Halo changed Pos: council to Inquistor. Mon Dec  9 20:22:05 2002
Halo changed Pos: council to Inquisitor. Mon Dec  9 20:35:10 2002
Eios changed Pos: squire to Peons. Thu Jan  2 01:49:49 2003
Eios changed Pos: squire to Peon. Thu Jan  2 01:49:57 2003
Eios changed Pos: member to Peasants. Thu Jan  2 02:43:42 2003
Eios changed Pos: member to Peasant. Thu Jan  2 02:43:44 2003
Eios changed Pos: council to Advisor. Thu Jan  2 02:44:08 2003
Eios changed Pos: member to Peon. Thu Jan  2 02:44:28 2003
Eios changed Pos: squire to Fodder. Thu Jan  2 02:44:38 2003
Leviathas changed Pos: leader to child of asmodeus. Fri Jan  3 14:03:24 2003
Leviathas changed Pos: leader to child of Asmodeus. Fri Jan  3 14:03:36 2003
Leviathas changed Pos: council to Twisted Sister. Fri Jan  3 14:09:00 2003
Leviathas changed Pos: member to Black Knight. Fri Jan  3 14:10:04 2003
Leviathas changed Pos: leader to Child of Asmodeus. Fri Jan  3 14:10:18 2003
Leviathas changed Pos: squire to Corrupted One. Fri Jan  3 14:10:32 2003
Eios changed Pos: leader to Eios Rule. Sat Jan  4 00:59:51 2003
Eios changed Pos: leader to Da Bosse. Sat Jan  4 01:00:35 2003
Eios changed Pos: leader to Da Bosses. Sat Jan  4 01:55:19 2003
Tyste changed Pos: council to Overlord. Sat Jan  4 02:43:00 2003
Tyste changed Pos: leader to ascended. Sat Jan  4 03:49:29 2003
Tyste changed Pos: leader to leader. Sat Jan  4 03:54:13 2003
Tyste changed Pos: member to Underling. Sat Jan  4 04:03:01 2003
Tyste changed Pos: member to Pimp. Sat Jan  4 04:03:13 2003
Tyste changed Pos: squire to Underling. Sat Jan  4 06:24:16 2003
Tyste changed Pos: leader to Nescarch. Sat Jan  4 19:56:06 2003
Faust changed Pos: squire to Slave. Sun Jan  5 13:54:04 2003
Faust changed Pos: member to Peasant. Sun Jan  5 13:54:22 2003
Faust changed Pos: council to Noble. Sun Jan  5 13:54:36 2003
Faust changed Pos: leader to Overlord. Sun Jan  5 13:54:44 2003
Faust changed Pos: leader to Overlord. Sun Jan  5 13:55:24 2003
Faust changed Pos: leader to Overlord. Sun Jan  5 13:55:48 2003
Faust changed Pos: council to Warlord. Sun Jan  5 14:26:38 2003
Faust changed Pos: member to Slayer. Sun Jan  5 14:29:14 2003
Tyste changed Pos: member to Fiend. Mon Jan 13 16:31:24 2003
Eios changed Pos: leader to Overlord. Tue Jan 14 09:49:46 2003
Hepualahaole changed Pos: squire to wyrmling. Wed Jan 15 18:20:11 2003
Hepualahaole changed Pos: squire to Wyrmling. Wed Jan 15 18:20:55 2003
Hepualahaole changed Pos: member to Warrior. Wed Jan 15 18:23:31 2003
Hepualahaole changed Pos: council to Dragon Guide. Wed Jan 15 18:24:09 2003
Hepualahaole changed Pos: leader to Ancient Leader. Wed Jan 15 18:24:27 2003
Hepualahaole changed Pos: member to Dragon Warrior. Wed Jan 15 18:24:47 2003
Hepualahaole changed Pos: leader to Elder Drake. Wed Jan 15 18:34:22 2003
Hepualahaole changed Pos: leader to Kelekona. Wed Jan 15 18:37:32 2003
Hepualahaole changed Pos: leader to Elder Draak. Wed Jan 15 18:44:20 2003
Hepualahaole changed Pos: leader to Elder Serpent. Wed Jan 15 18:44:48 2003
Eios changed Pos: council to Archmage. Sun Jan 19 00:16:40 2003
Faust changed Pos: squire to Sex Slave. Sun Jan 19 13:05:26 2003
Faust changed Pos: squire to Mine Worker. Sun Jan 19 13:06:12 2003
Faust changed Pos: squire to Sex Slave. Sun Jan 19 13:34:48 2003
Faust changed Pos: member to Masochist. Sun Jan 19 13:35:04 2003
Faust changed Pos: council to Sadist. Sun Jan 19 13:35:12 2003
Lucifer changed Pos: council to Ambassador. Tue Jan 21 03:54:21 2003
Lucifer changed Pos: council to Councilor. Thu Jan 23 10:51:33 2003
Halo changed Pos: leader to Brigadier General. Sat Jan 25 23:31:03 2003
Halo changed Pos: council to Warlord. Sat Jan 25 23:32:27 2003
Halo changed Pos: squire to Private. Sat Jan 25 23:33:35 2003
Halo changed Pos: council to Not Warlord. Sat Jan 25 23:36:43 2003
Halo changed Pos: member to Corporal. Sat Jan 25 23:37:41 2003
Halo changed Pos: leader to Tallest. Sat Jan 25 23:41:36 2003
Halo changed Pos: member to Invader. Sat Jan 25 23:41:46 2003
Halo changed Pos: squire to 4. Sat Jan 25 23:43:42 2003
Halo changed Pos: member to 2. Sat Jan 25 23:43:46 2003
Halo changed Pos: member to 3. Sat Jan 25 23:43:48 2003
Halo changed Pos: council to 2. Sat Jan 25 23:43:56 2003
Halo changed Pos: leader to 1. Sat Jan 25 23:44:00 2003
Halo changed Pos: council to #2. Sat Jan 25 23:45:10 2003
Halo changed Pos: leader to #1. Sat Jan 25 23:45:18 2003
Halo changed Pos: member to #3. Sat Jan 25 23:45:26 2003
Halo changed Pos: squire to #4. Sat Jan 25 23:45:32 2003
Halo changed Pos: squire to Mortal. Sun Jan 26 14:58:45 2003
Halo changed Pos: member to Hero. Sun Jan 26 14:58:53 2003
Halo changed Pos: council to Planetouched. Sun Jan 26 14:59:03 2003
Halo changed Pos: leader to Celestial. Sun Jan 26 14:59:13 2003
Halo changed Pos: council to Planear. Sun Jan 26 14:59:53 2003
Halo changed Pos: council to Anari. Sun Jan 26 15:00:43 2003
Halo changed Pos: leader to Pumpkin King. Mon Feb  3 03:08:17 2003
Mochaprincess changed Pos: council to Council. Mon Feb  3 19:04:54 2003
Mochaprincess changed Pos: council to Advisors. Mon Feb  3 19:21:56 2003
Halo changed Pos: leader to Tallest. Sun Feb  9 11:34:19 2003
Halo changed Pos: member to AntiHero. Sun Feb  9 20:17:40 2003
Halo changed Pos: member to Hero. Sun Feb  9 20:21:20 2003
Tyste changed Pos: leader to Pussy Willow. Mon Feb 24 00:18:43 2003
Tyste changed Pos: leader to Nescarch. Mon Feb 24 00:19:09 2003
Tyste changed Pos: leader to Monkey Magic. Fri Feb 28 02:35:35 2003
Tyste changed Pos: leader to Nescarch. Fri Feb 28 02:37:21 2003
Lucifer changed Pos: leader to Grand Master. Tue Mar  4 08:10:55 2003
Lucifer changed Pos: council to SubCommander. Thu Mar 20 06:31:44 2003
Lucifer changed Pos: member to Dark Knight. Thu Mar 20 06:32:36 2003
Lucifer changed Pos: squire to Brute. Thu Mar 20 06:32:46 2003
Lucifer changed Pos: leader to Commander. Thu Mar 20 06:33:02 2003
Eios changed Pos: council to Sub-Commander. Fri Mar 21 02:13:06 2003
Lucifer changed Pos: leader to Talon Leader. Sat Mar 22 00:13:46 2003
Lucifer changed Pos: leader to General. Sat Mar 22 00:25:12 2003
Lucifer changed Pos: council to Commander. Sat Mar 22 00:28:50 2003
Lucifer changed Pos: member to Captain. Sat Mar 22 00:28:58 2003
Lucifer changed Pos: squire to Soldier. Sat Mar 22 00:29:34 2003
Eios changed Pos: leader to Dark Lord. Sat Mar 22 00:45:04 2003
Eios changed Pos: council to Nightstalker. Sat Mar 22 00:45:32 2003
Eios changed Pos: member to Minions. Sat Mar 22 00:45:48 2003
Eios changed Pos: squire to Servant. Sat Mar 22 00:46:08 2003
Eios changed Pos: member to Minion. Sat Mar 22 00:46:18 2003
Lucifer changed Pos: leader to General. Sat Mar 22 04:14:54 2003
Lucifer changed Pos: council to Commander. Sat Mar 22 04:15:00 2003
Lucifer changed Pos: member to Captain. Sat Mar 22 04:15:04 2003
Lucifer changed Pos: squire to Soldier. Sat Mar 22 04:15:08 2003
Tyste changed Pos: leader to Nescrarch. Wed Apr 16 01:27:42 2003
Tyste changed Pos: council to Nescrarch. Wed Apr 16 01:27:52 2003
Tyste changed Pos: member to count. Wed Apr 16 01:27:58 2003
Tyste changed Pos: member to Count. Wed Apr 16 01:28:02 2003
Lucifer changed Pos: leader to God. Tue Apr 22 06:26:07 2003
Lucifer changed Pos: council to Zealot. Tue Apr 22 06:26:35 2003
Lucifer changed Pos: member to Converted. Tue Apr 22 06:26:49 2003
Lucifer changed Pos: squire to Cannon Fodder. Tue Apr 22 06:27:07 2003
Lucifer changed Pos: member to Converted Soul. Tue Apr 22 06:27:23 2003
Lucifer changed Pos: member to Fanatic. Tue Apr 22 06:29:55 2003
Lucifer changed Pos: squire to Extremist. Tue Apr 22 06:31:15 2003
Tyste changed Pos: leader to Crazy. Fri Aug 22 19:32:16 2003
Tyste changed Pos: member to the damned. Fri Aug 22 19:33:00 2003
Tyste changed Pos: member to the Damned. Fri Aug 22 19:33:06 2003
Tyste changed Pos: member to position pending. Fri Aug 22 19:36:35 2003
Tyste changed Pos: member to name pending. Fri Aug 22 19:37:34 2003
Tyste changed Pos: leader to i r teh l33t. Fri Aug 22 19:37:50 2003
Tyste changed Pos: member to Count. Fri Aug 22 19:52:38 2003
Tyste changed Pos: leader to Avatar. Fri Aug 22 19:53:06 2003
Tyste changed Pos: leader to Darkness. Fri Aug 22 19:53:28 2003
Tyste changed Pos: leader to Nescrarch. Fri Aug 22 19:54:47 2003
Tyste changed Pos: leader to Abuses His Power. Tue Sep  2 02:59:36 2003
Tyste changed Pos: leader to Weixian Laoshu. Mon Sep  8 22:24:51 2003
Tyste changed Pos: member to Shadimar is old. Thu Sep 11 02:32:15 2003
Tyste changed Pos: member to count. Thu Sep 11 02:42:08 2003
Tyste changed Pos: member to Count. Thu Sep 11 02:42:20 2003
Tyste changed Pos: leader to 2 dollar bitch. Sat Sep 13 22:32:47 2003
Tyste changed Pos: council to town guard bitch. Sun Sep 14 01:10:04 2003
Tyste changed Pos: council to Nescrarch. Sun Sep 14 01:11:26 2003
Tyste changed Pos: council to I am stupid. Tue Sep 16 02:40:14 2003
Tyste changed Pos: council to Nescrarch. Tue Sep 16 02:40:28 2003
Tyste changed Pos: squire to PSV > Ajax. Wed Sep 17 01:50:56 2003
Tyste changed Pos: squire to Underling. Wed Sep 17 02:36:54 2003
Tyste changed Pos: leader to hax0r. Thu Sep 18 01:05:50 2003
Tyste changed Pos: leader to 2 dollar bitch. Thu Sep 18 01:06:05 2003
Tyste changed Pos: leader to SHADOWRING!?!?!?. Sat Sep 20 01:12:39 2003
Tyste changed Pos: leader to 2 dollar bitch. Sat Sep 20 01:13:55 2003
Tyste changed Pos: leader to be it can't. Sat Sep 20 01:14:31 2003
Tyste changed Pos: council to be found. Sat Sep 20 01:14:35 2003
Tyste changed Pos: leader to it can't. Sat Sep 20 01:14:54 2003
Tyste changed Pos: council to Nescarch. Sat Sep 20 01:15:02 2003
Tyste changed Pos: leader to 2 dollar bitch. Sat Sep 20 01:15:18 2003
Aziraphale changed Pos: council to Legend. Wed Sep 24 03:00:20 2003
Aziraphale changed Pos: leader to Immortal. Wed Sep 24 03:00:30 2003
Whit changed Pos: leader to Leaders. Sat Sep 27 07:46:12 2003
Whit changed Pos: leader to Leader. Sat Sep 27 07:46:18 2003
Lac changed Pos: leader to Moarch. Mon Oct 13 06:04:35 2003
Lac changed Pos: leader to Monarch. Mon Oct 13 06:04:39 2003
Lac changed Pos: council to Master. Mon Oct 13 06:05:43 2003
Lac changed Pos: member to Yeomans. Mon Oct 13 06:06:08 2003
Lac changed Pos: member to Yeoman. Mon Oct 13 06:07:42 2003
Lac changed Pos: squire to Vassal. Mon Oct 13 06:12:37 2003
Lac changed Pos: council to Patron. Wed Oct 15 03:11:30 2003
Tyste changed Pos: leader to test. Mon Oct 27 14:01:19 2003
Tyste changed Pos: leader to 2 dollar bitch. Mon Oct 27 14:04:02 2003
Tyste changed Pos: council to Necrarch. Mon Oct 27 14:04:32 2003
Tyste changed Pos: leader to Seraph. Fri Nov  7 01:42:21 2003
Tyste changed Pos: member to I NAP HAHAHA. Sun Nov 16 20:11:18 2003
Tyste changed Pos: member to COunt. Sun Nov 16 20:11:34 2003
Tyste changed Pos: member to Count. Sun Nov 16 20:12:01 2003
Tyste changed Pos: squire to Decoy. Tue Nov 18 23:39:59 2003
Tyste changed Pos: council to I am a hack. Tue Nov 18 23:41:03 2003
Tyste changed Pos: council to Necrarch. Wed Nov 19 01:40:12 2003
Tyste changed Pos: leader to I like men. Thu Nov 20 14:31:34 2003
Tyste changed Pos: leader to Seraph. Thu Nov 20 14:31:44 2003
Tyste changed Pos: member to Weirdo. Sat Nov 22 00:09:31 2003
Tyste changed Pos: member to Camper. Sat Nov 22 00:12:48 2003
Tyste changed Pos: council to Wallhack. Sat Nov 22 00:12:56 2003
Tyste changed Pos: council to LOOOOZER!. Sat Nov 22 00:20:41 2003
Tyste changed Pos: council to Cheeezy. Sat Nov 22 00:35:11 2003
Tyste changed Pos: member to Count. Sat Nov 22 00:35:34 2003
Tyste changed Pos: council to Pepsi never die!!. Sat Nov 22 00:52:47 2003
Tyste changed Pos: council to BetterthanOKidoki. Sat Nov 22 17:04:01 2003
Tyste changed Pos: council to Necrarch. Sat Nov 22 17:08:48 2003
Tyste changed Pos: council to Ima S.O.B.. Sat Nov 22 19:17:47 2003
Tyste changed Pos: council to Necrarch. Sat Nov 22 19:48:45 2003
Tyste changed Pos: leader to Prince. Mon Nov 24 01:01:50 2003
Tyste changed Pos: leader to Better-than-Kylie. Mon Nov 24 01:08:26 2003
Tyste changed Pos: leader to Fing A. Sat Nov 29 18:38:37 2003
Tyste changed Pos: leader to Sickboy. Mon Dec  8 02:27:26 2003
Tyste changed Pos: leader to Kawawawaawaawa. Sun Dec 14 12:14:38 2003
Tyste changed Pos: member to I r teh lamer. Wed Dec 17 14:29:01 2003
Tyste changed Pos: member to count. Wed Dec 17 21:06:21 2003
Kumi changed Pos: leader to Elite Monkey. Mon Dec 29 20:37:14 2003
Kumi changed Pos: leader to Elite Panda. Mon Dec 29 20:38:40 2003
Kumi changed Pos: council to High Monkies. Mon Dec 29 20:47:19 2003
Kumi changed Pos: member to Cool Cats. Mon Dec 29 20:47:39 2003
Kumi changed Pos: squire to Baby Cows. Mon Dec 29 20:48:17 2003
Kumi changed Pos: council to High monkie. Mon Dec 29 20:48:31 2003
Kumi changed Pos: member to Cool Cat. Mon Dec 29 20:48:37 2003
Kumi changed Pos: squire to Baby Cown. Mon Dec 29 20:48:43 2003
Kumi changed Pos: squire to Baby Cow. Mon Dec 29 20:48:49 2003
Kumi changed Pos: council to High Monkie. Mon Dec 29 20:48:59 2003
Kumi changed Pos: council to High Squirrel. Mon Dec 29 22:14:57 2003
Kumi changed Pos: member to Funny Duck. Mon Dec 29 22:59:01 2003
Kumi changed Pos: member to rubber duck. Thu Jan  1 14:38:36 2004
Kumi changed Pos: member to Rubber Duck. Thu Jan  1 14:38:40 2004
Daboura changed Pos: leader to Dragon Master. Thu Jan  1 17:41:06 2004
Daboura changed Pos: council to Dragoon. Thu Jan  1 17:42:42 2004
Daboura changed Pos: squire to Dragon Warrior. Thu Jan  1 17:45:19 2004
Daboura changed Pos: member to Dragon Knight. Thu Jan  1 17:45:43 2004
Kumi changed Pos: squire to Baby Yak. Tue Jan  6 17:17:28 2004
Kumi changed Pos: squire to Baby Cown. Tue Jan  6 17:18:40 2004
Kumi changed Pos: squire to Baby Cow. Tue Jan  6 17:21:43 2004
Tyste changed Pos: member to Member. Fri Jan  9 17:15:18 2004
Tyste changed Pos: leader to AW. Fri Jan  9 17:15:50 2004
Tyste changed Pos: squire to Gimp. Sun Jan 11 04:03:01 2004
Tyste changed Pos: member to Muscle. Sun Jan 11 04:03:07 2004
Tyste changed Pos: council to Under Boss. Sun Jan 11 04:03:29 2004
Tyste changed Pos: leader to Big Boss. Sun Jan 11 04:03:35 2004
Tyste changed Pos: council to Big Boss. Tue Jan 13 01:40:51 2004
Kumi changed Pos: leader to Uber. Thu Jan 22 20:53:16 2004
Kumi changed Pos: leader to Elite Panda. Thu Jan 22 20:54:54 2004
Lac changed Pos: leader to Monarch. Tue Jan 27 03:53:34 2004
Lac changed Pos: leader to Monarch. Tue Jan 27 03:53:56 2004
Lac changed Pos: leader to Monarch. Tue Jan 27 03:54:02 2004
Kumi changed Pos: squire to Baby Chipmunks. Tue Jan 27 07:46:06 2004
Kumi changed Pos: squire to Baby Chipmunk. Tue Jan 27 07:46:14 2004
Kumi changed Pos: squire to Scary Baboon. Tue Jan 27 07:47:21 2004
Kumi changed Pos: squire to Baby Cow. Tue Jan 27 07:48:23 2004
Kumi changed Pos: council to Funky Chicken. Tue Jan 27 07:50:44 2004
Vlad changed Pos: leader to Winnahzzz. Thu Jan 29 00:25:49 2004
Kumi changed Pos: council to Cat. Thu Mar  4 23:18:05 2004
Kumi changed Pos: council to Council Cat. Thu Mar  4 23:18:11 2004
Kumi changed Pos: leader to Leading Lizard. Thu Mar  4 23:19:15 2004
Kumi changed Pos: member to Mousey Member. Thu Mar  4 23:19:47 2004
Kumi changed Pos: squire to Squirely Squirrel. Thu Mar  4 23:20:01 2004
Kumi changed Pos: leader to Elite Panda. Thu Mar  4 23:20:37 2004
Kumi changed Pos: member to Rubber Duck. Thu Mar  4 23:20:48 2004
Kumi changed Pos: squire to Baby Cow. Thu Mar  4 23:21:00 2004
Tyste changed Pos: council to JUE WANG. Mon Mar  8 02:34:45 2004
Tyste changed Pos: council to Big Boss. Mon Mar  8 02:34:55 2004
Kumi changed Pos: leader to Lonely Kumi. Mon Mar  8 12:23:24 2004
Kumi changed Pos: leader to Coolest Leader. Mon Mar  8 12:24:58 2004
Kumi changed Pos: leader to Elite Panda. Mon Mar  8 12:28:21 2004
Kumi changed Pos: leader to Pathetic hoe. Mon Mar  8 15:09:31 2004
Kumi changed Pos: leader to Cookie. Mon Mar  8 15:21:39 2004
Kumi changed Pos: leader to Elite Panda. Mon Mar  8 15:23:05 2004
Kumi changed Pos: member to Bunny Rabbit. Fri Mar 19 23:42:40 2004
Tyste changed Pos: squire to I love tyste. Tue Apr  6 19:08:57 2004
Tyste changed Pos: squire to I love aerion. Tue Apr  6 19:09:01 2004
Tyste changed Pos: squire to Gimp. Tue Apr  6 19:11:42 2004
Tyste changed Pos: leader to WAY TO NOOB IT UP. Fri Apr 23 01:02:12 2004
Tyste changed Pos: leader to Big Boss. Fri Apr 23 01:02:44 2004
Tyste changed Pos: leader to yvan eht nioj. Fri Apr 23 01:09:28 2004
Tyste changed Pos: member to B'Day Boy. Sat Apr 24 01:22:04 2004
Tyste changed Pos: member to Muscle. Sun Apr 25 15:49:05 2004
Kumi changed Pos: leader to Elite Perverts. Sat May  1 17:26:25 2004
Kumi changed Pos: leader to Elite Pervert. Sat May  1 17:26:37 2004
Kumi changed Pos: council to Council Pervert. Sat May  1 17:26:43 2004
Kumi changed Pos: member to Member Pervert. Sat May  1 17:26:53 2004
Kumi changed Pos: squire to Baby Pervert. Sat May  1 17:26:59 2004
Kumi changed Pos: leader to Panda Pervert. Sat May  1 17:35:40 2004
Kumi changed Pos: council to Cat Pervert. Sat May  1 17:36:02 2004
Kumi changed Pos: member to Rabbit Pervert. Sat May  1 17:36:16 2004
Kumi changed Pos: squire to Cow Pervert. Sat May  1 17:36:24 2004
Kumi changed Pos: leader to Elite Panda. Sat May  1 18:55:02 2004
Kumi changed Pos: council to Council Cat. Sat May  1 18:55:18 2004
Kumi changed Pos: member to Bunny Rabbit. Sat May  1 18:55:25 2004
Kumi changed Pos: squire to Baby Cow. Sat May  1 18:55:29 2004
Tyste changed Pos: leader to TYSTE ABUSES CAPS. Sat May  1 21:14:53 2004
Kumi changed Pos: squire to Elite Panda. Sun May  2 14:08:42 2004
Kumi changed Pos: council to Elite Panda. Sun May  2 14:09:02 2004
Kumi changed Pos: member to Elite Panda. Sun May  2 14:09:06 2004
Kumi changed Pos: member to Bloody Fox. Sun May  2 15:20:02 2004
Kumi changed Pos: council to Council Cat. Sun May  2 15:33:22 2004
Kumi changed Pos: member to Bunny Rabbit. Sun May  2 15:33:26 2004
Kumi changed Pos: squire to Baby Cow. Sun May  2 15:33:30 2004
Kumi changed Pos: squire to Rabbit. Sat May  8 17:19:06 2004
Kumi changed Pos: squire to Baby Cow. Sat May  8 17:21:20 2004
Tyste changed Pos: leader to Tyste smell nice. Sun Jun 27 04:05:21 2004
Tyste changed Pos: leader to Ninja. Sun Jun 27 04:43:40 2004
Tyste changed Pos: council to Ninja. Sun Jun 27 04:43:52 2004
Tyste changed Pos: leader to Robot. Sun Jun 27 04:43:56 2004
Tyste changed Pos: member to Pirate. Sun Jun 27 04:44:02 2004
Tyste changed Pos: squire to Monkey. Sun Jun 27 04:44:10 2004
Endbringer changed Pos: squire to Peon. Fri Sep  3 01:27:18 2004
Endbringer changed Pos: leader to God. Fri Sep  3 01:27:28 2004
Endbringer changed Pos: council to Royalty. Fri Sep  3 01:29:04 2004
Endbringer changed Pos: council to noble. Fri Sep  3 01:30:32 2004
Endbringer changed Pos: member to smiths. Fri Sep  3 01:31:20 2004
Endbringer changed Pos: member to smith. Fri Sep  3 01:31:32 2004
Endbringer changed Pos: squire to Peno. Tue Sep  7 14:45:59 2004
Endbringer changed Pos: squire to Peon. Tue Sep  7 14:46:01 2004
Endbringer changed Pos: council to not god. Tue Sep  7 14:46:59 2004
Endbringer changed Pos: squire to not god. Tue Sep  7 14:47:03 2004
Endbringer changed Pos: member to not god. Tue Sep  7 14:47:07 2004
Endbringer changed Pos: squire to peon. Wed Oct 20 21:56:47 2004
Endbringer changed Pos: leader to Shadow Lord. Wed Oct 20 21:57:07 2004
Endbringer changed Pos: council to moo. Wed Oct 20 22:01:13 2004
Endbringer changed Pos: member to member. Wed Oct 20 22:01:21 2004
Set changed Pos: squire to Minion. Mon Nov 15 01:44:25 2004
Set changed Pos: leader to Asmodeus' Chosen. Mon Nov 15 01:44:39 2004
Set changed Pos: member to Malefactor. Mon Nov 15 01:44:53 2004
Bellos changed Pos: leader to Asmodeus' Chosen. Mon Nov 15 01:45:05 2004
Set changed Pos: council to Acolyte. Mon Nov 15 01:45:41 2004
Bellos changed Pos: council to Arch Acolyte. Mon Nov 15 01:47:29 2004
Set changed Pos: council to Arch Acolyte. Mon Nov 15 01:47:31 2004
Bellos changed Pos: member to Malefactor. Mon Nov 15 01:47:37 2004
Bellos changed Pos: squire to Minion. Mon Nov 15 01:47:43 2004
Vian changed Pos: leader to Azire's Chosen. Sun Nov 21 14:50:24 2004
Vian changed Pos: council to Seeker of Truth. Sun Nov 21 14:50:44 2004
Vian changed Pos: member to Knight of Purity. Sun Nov 21 14:50:48 2004
Vian changed Pos: squire to Azire's Squire. Sun Nov 21 14:50:52 2004
Vian changed Pos: leader to Total Pwnz. Sun Nov 21 17:18:04 2004
Vian changed Pos: leader to Azire's Chosen. Sun Nov 21 17:18:12 2004
Vian changed Pos: squire to Azire's Toe. Sun Nov 21 17:51:21 2004
Vian changed Pos: squire to l33tzk00l. Sun Nov 21 17:51:47 2004
Vian changed Pos: squire to Azire's Cabinboy. Sun Nov 21 17:52:15 2004
Vian changed Pos: member to Knight of Azire. Sun Nov 21 19:01:13 2004
Vian changed Pos: squire to Student of Truth. Sun Nov 21 19:01:39 2004
Vian changed Pos: squire to Disciple of Truth. Sun Nov 21 19:07:03 2004
Vian changed Pos: member to Knight of Truth. Sun Nov 21 19:07:11 2004
Vian changed Pos: leader to RoundTable Knight. Fri Nov 26 18:18:40 2004
Vian changed Pos: council to Azire's Chosen. Fri Nov 26 18:18:58 2004
Vian changed Pos: member to are the Knights. Fri Nov 26 18:19:04 2004
Vian changed Pos: squire to the Round Table. Fri Nov 26 18:19:16 2004
Vian changed Pos: council to Seeker of Truth. Fri Nov 26 18:19:38 2004
Vian changed Pos: member to Knight of Truth. Fri Nov 26 18:19:40 2004
Vian changed Pos: squire to Disciple of Truth. Fri Nov 26 18:19:44 2004
Vian changed Pos: leader to Azire's Chosen. Fri Nov 26 18:20:00 2004
Vian changed Pos: leader to pirate pwn. Mon Dec 20 02:56:56 2004
Vian changed Pos: council to council pwn. Mon Dec 20 02:57:02 2004
Vian changed Pos: member to member pwn. Mon Dec 20 02:57:06 2004
Vian changed Pos: squire to squire pwn. Mon Dec 20 02:57:10 2004
Vian changed Pos: leader to OMG LEADER. Mon Dec 20 02:57:14 2004
Vian changed Pos: leader to Leader. Mon Dec 20 03:19:46 2004
Vian changed Pos: leader to p w w w w w w n. Mon Dec 20 03:21:22 2004
Vian changed Pos: leader to pwnzx0r. Mon Dec 20 03:21:30 2004
Vian changed Pos: council to almost pwnx0r. Mon Dec 20 03:21:34 2004
Vian changed Pos: member to barely pwnx0r. Mon Dec 20 03:21:40 2004
Vian changed Pos: squire to that tauran kid. Mon Dec 20 03:21:44 2004
Vian changed Pos: member to That Tauran Punk. Mon Dec 20 03:25:46 2004
Vian changed Pos: squire to barely pwnx0r. Mon Dec 20 03:25:56 2004
Vian changed Pos: leader to Uber Pwnx0r. Mon Dec 20 03:26:12 2004
Vian changed Pos: council to Almost Pwnx0r. Mon Dec 20 03:26:18 2004
Vian changed Pos: squire to Barely Pwnx0r. Mon Dec 20 03:26:22 2004
Vian changed Pos: council to That Tauran Punk. Mon Dec 20 03:27:40 2004
Vian changed Pos: member to Almost Pwnx0r. Mon Dec 20 03:27:48 2004
Vian changed Pos: council to OMG NOT PWNX0R!. Mon Dec 20 03:32:48 2004
Vian changed Pos: council to OMG RUBY = HOT. Sun Jan  2 04:00:55 2005
Vian changed Pos: member to OMG LOGAINE = SEX. Sun Jan  2 17:03:49 2005
Vian changed Pos: leader to OMG SEX = LEADER. Sun Jan  2 17:03:59 2005
Vian changed Pos: leader to Cap'n. Mon Jan  3 02:24:34 2005
Vian changed Pos: council to Wenches. Mon Jan  3 20:16:27 2005
Vian changed Pos: council to Wench. Mon Jan  3 20:16:41 2005
Vian changed Pos: member to Pirate. Mon Jan  3 20:16:47 2005
Vian changed Pos: squire to Cabinboy. Mon Jan  3 20:17:03 2005
Vian changed Pos: leader to Captain. Mon Jan  3 20:17:05 2005
Davyn changed Pos: council to First Mate. Tue Jan 18 06:39:17 2005
Leviathas changed Pos: leader to Founder. Mon Jul 11 12:07:27 2005
Leviathas changed Pos: member to Black Knight. Mon Jul 11 12:08:11 2005
Leviathas changed Pos: council to Council. Mon Jul 11 12:11:49 2005
Leviathas changed Pos: council to NO!. Mon Jul 11 16:14:29 2005
Leviathas changed Pos: council to Fuck that shit.. Mon Jul 11 18:05:09 2005
Leviathas changed Pos: council to Council. Mon Jul 11 18:06:05 2005
Eios changed Pos: leader to Gods. Mon Jul 25 05:28:49 2005
Eios changed Pos: leader to Monarch. Mon Jul 25 05:29:03 2005
Eios changed Pos: squire to Past Heros. Mon Jul 25 07:25:14 2005
Eios changed Pos: squire to Past Hero. Mon Jul 25 07:25:32 2005
Carina changed Pos: squire to Principalities. Mon Nov 28 05:38:55 2005
Carina changed Pos: member to Dominions. Mon Nov 28 05:39:13 2005
Carina changed Pos: council to Powers. Mon Nov 28 05:39:23 2005
Carina changed Pos: leader to Thrones. Mon Nov 28 05:39:35 2005
Carina changed Pos: squire to Principalitie. Mon Nov 28 05:40:15 2005
Carina changed Pos: leader to Throne. Mon Nov 28 05:40:17 2005
Carina changed Pos: council to Power. Mon Nov 28 05:40:19 2005
Carina changed Pos: member to Dominion. Mon Nov 28 05:40:23 2005
Bellos changed Pos: squire to Initiates. Tue Jan 24 20:04:22 2006
Bellos changed Pos: council to Acolytes. Tue Jan 24 20:08:30 2006
Tyste changed Pos: squire to Neophyte. Sun Apr 23 06:18:37 2006
Tyste changed Pos: council to Master. Sun Apr 23 06:19:05 2006
Tyste changed Pos: leader to crazy-old-man. Sun Apr 23 06:19:35 2006
Tyste changed Pos: council to Elder. Sun Apr 23 06:19:51 2006
Tyste changed Pos: member to Kindred. Sun Apr 23 06:25:11 2006
Tyste changed Pos: leader to 1. Sun Apr 30 05:43:04 2006
Tyste changed Pos: council to 2. Sun Apr 30 05:43:08 2006
Tyste changed Pos: member to 3. Sun Apr 30 05:43:12 2006
Tyste changed Pos: squire to 4. Sun Apr 30 05:43:16 2006
Noxus changed Pos: leader to kings. Tue Oct 16 00:02:13 2007
Noxus changed Pos: squire to Little one. Tue Oct 16 00:03:25 2007
Noxus changed Pos: member to Almost there!. Tue Oct 16 00:03:47 2007
Noxus changed Pos: member to Almost there. Tue Oct 16 00:04:43 2007
Noxus changed Pos: council to Council. Tue Oct 16 00:05:07 2007
Noxus changed Pos: leader to Lord. Tue Oct 16 00:33:29 2007
Noxus changed Pos: leader to God. Tue Oct 16 00:51:45 2007
Noxus changed Pos: leader to Lord. Tue Oct 16 00:52:15 2007
Noxus changed Pos: squire to worthless. Mon Oct 22 23:12:53 2007
Kazuma changed Pos: squire to The Destitute. Thu Dec 13 16:40:23 2007
Kazuma changed Pos: member to The Castaways. Thu Dec 13 16:40:49 2007
Kazuma changed Pos: council to The Outcasts. Thu Dec 13 16:41:23 2007
Kazuma changed Pos: member to The Castaway. Thu Dec 13 16:41:31 2007
Kazuma changed Pos: council to The Outcast. Thu Dec 13 16:41:55 2007
Kazuma changed Pos: leader to The Forsaken. Thu Dec 13 16:44:41 2007
Kazuma changed Pos: leader to Lord. Thu Dec 13 16:44:49 2007
Kazuma changed Pos: leader to Forsaken One. Thu Dec 13 16:47:13 2007
Kazuma changed Pos: council to Desolate One. Thu Dec 13 16:47:57 2007
Kazuma changed Pos: member to The Outcast. Thu Dec 13 16:49:17 2007
Kazuma changed Pos: squire to Derelict. Thu Dec 13 16:49:25 2007
Kazuma changed Pos: member to Outcast. Thu Dec 13 16:49:49 2007
Kazuma changed Pos: squire to Noob. Sat Jan 26 02:32:31 2008
Kazuma changed Pos: squire to Newbie. Sat Jan 26 02:32:57 2008
Kazuma changed Pos: member to Choobie. Sat Jan 26 02:33:03 2008
Kazuma changed Pos: council to Foobie. Sat Jan 26 02:33:13 2008
Kazuma changed Pos: leader to Goobie. Sat Jan 26 02:33:27 2008
Kazuma changed Pos: squire to hoe'z. Sat Jan 26 02:37:25 2008
Kazuma changed Pos: member to biatch'z. Sat Jan 26 02:37:49 2008
Kazuma changed Pos: council to pimp'z. Sat Jan 26 02:38:03 2008
Kazuma changed Pos: leader to gangsterz. Sat Jan 26 02:38:17 2008
Kazuma changed Pos: council to pimpz. Sat Jan 26 02:38:23 2008
Kazuma changed Pos: member to biatchz. Sat Jan 26 02:38:29 2008
Kazuma changed Pos: squire to hoez. Sat Jan 26 02:38:33 2008
Yang changed Pos: squire to Abandoned. Tue Jan 29 03:24:55 2008
Yang changed Pos: member to Deserted. Tue Jan 29 03:25:17 2008
Yang changed Pos: council to Exiled. Tue Jan 29 03:25:39 2008
Yang changed Pos: leader to Forsaken. Tue Jan 29 03:26:29 2008
Yang changed Pos: leader to Cursed. Thu Jan 31 01:37:48 2008
Cenn changed Pos: leader to leader. Mon Aug 11 22:49:37 2008
Cenn changed Pos: leader to 4. Mon Aug 11 22:49:41 2008
Cenn changed Pos: leader to Elder. Mon Aug 11 23:01:01 2008
Cenn changed Pos: council to Kraven. Mon Aug 11 23:01:23 2008
Cenn changed Pos: member to Death Dealer. Mon Aug 11 23:01:29 2008
Cenn changed Pos: squire to OMega. Mon Aug 11 23:01:35 2008
Cenn changed Pos: squire to Omega. Mon Aug 11 23:01:39 2008
Cenn changed Pos: council to Noble. Mon Aug 11 23:02:15 2008
Cenn changed Pos: squire to Follower. Mon Aug 11 23:02:31 2008
Piehl changed Pos: leader to TheShit. Wed Aug 13 22:49:47 2008
Piehl changed Pos: leader to Throne. Wed Aug 13 22:50:03 2008
Piehl changed Pos: squire to Slave. Wed Aug 13 22:50:09 2008
Piehl changed Pos: member to Boobs. Wed Aug 13 22:50:29 2008
Piehl changed Pos: member to Boob. Wed Aug 13 22:50:43 2008
Piehl changed Pos: council to Mook. Wed Aug 13 22:51:04 2008
Piehl changed Pos: leader to Loser. Wed Aug 13 22:51:36 2008
Piehl changed Pos: member to Sex. Wed Aug 13 22:56:12 2008
Piehl changed Pos: leader to Throne. Thu Aug 14 17:37:00 2008
Piehl changed Pos: council to Power. Thu Aug 14 17:37:14 2008
Piehl changed Pos: member to Dominion. Thu Aug 14 17:37:38 2008
Piehl changed Pos: squire to Principalite. Thu Aug 14 17:37:58 2008
Piehl changed Pos: member to Slave. Tue Nov 11 19:37:36 2008
Piehl changed Pos: member to Dominion. Tue Nov 11 19:42:24 2008
Piehl changed Pos: squire to Kitten. Tue Nov 11 19:43:18 2008
Yun changed Pos: member to Knight. Fri Feb 11 03:10:55 2011
Vian changed Pos: squire to Initiate. Fri Mar 18 04:00:22 2011
Vian changed Pos: council to Acolyte. Fri Mar 18 04:01:34 2011
Enska changed Pos: council to Warlord. Tue Sep  6 08:28:29 2011
Enska changed Pos: leader to Balor. Tue Sep  6 08:28:44 2011
Enska changed Pos: member to Death Knight. Tue Sep  6 08:30:08 2011
Enska changed Pos: squire to Slave. Sat Sep 10 23:02:03 2011
Abraxas changed Pos: leader to Leader. Sun Sep 11 03:48:03 2011
Abraxas changed Pos: council to Council. Sun Sep 11 03:48:09 2011
Abraxas changed Pos: member to Soldier. Sun Sep 11 03:48:27 2011
Abraxas changed Pos: squire to Initiate. Sun Sep 11 03:48:41 2011
