//  _stasis.c
//      Mage ability
//      Written by Nightshade
//      base upon _burn.c and _rage.c
#include <std.h>
inherit DAEMON;
int spell();
int cmd_stasis(string str) {
    object tp;
   if (!spell()) {
      notify_fail("What?\n");
      return 0;
   }
    tp = this_player();
    if(tp->query_ghost()) {
        notify_fail("Your voice is hollow.\n");
        return 0;
    }
    if((string)tp->query_class() != "mage") {
        notify_fail("You feel confused.\n");
        return 0;
     }
    if (this_player()->query_disable())
       return notify_fail("You are busy.\n");
    if(environment(tp)->query_property("no magic")) {
        notify_fail("Something seems to be blocking your concentration.\n");
        return 0;
    }
    if(tp->query_casting()) return 1;
    this_player()->set_casting(1);
    if((int)tp->query_mp() < 50 + random(10)) {
        notify_fail("Too low on magic power.\n");
        return 0;
    }
    tell_room(environment(tp), "%^RESET%^%^BOLD%^"+(string)tp->query_cap_name()+
              " mutters arcane words and the air begins to shimmer.%^RESET%^");
    tp->set_disable();
    tp->add_mp(-70 - random(50));
    new("/d/nopk/standard/obj/magic/stasis")->move(environment(this_player()));
    return 1;
}
void help() {
    write("Syntax: <stasis>\n"
        "This spells causes a strange form of paralysis in the entire room, "
        "including the caster.  Normal melee will continue despite the hold,"
        " which affects the caster as well.\n");
}
int spell() {
   object tp;
   tp = this_player();
   if (!tp) return 0;
   if (tp->query_class() != "mage") return 0;
   if (tp->query_level() < 13) return 0;
   if (tp->query_skill("conjuring") < 30) return 0;
   return 1;
}
