2002.01.19 17:24 A C:\backups\PDdomains\roston\cave\bat.c <-- Primal Darkness /usr/local/mud/Beta-II/d/roston/cave bat.c
2002.01.19 17:24 A C:\backups\PDdomains\roston\cave\cave0.c <-- Primal Darkness /usr/local/mud/Beta-II/d/roston/cave cave0.c
2002.01.19 17:24 A C:\backups\PDdomains\roston\cave\cave1.c <-- Primal Darkness /usr/local/mud/Beta-II/d/roston/cave cave1.c
2002.01.19 17:24 A C:\backups\PDdomains\roston\cave\cave10.c <-- Primal Darkness /usr/local/mud/Beta-II/d/roston/cave cave10.c
2002.01.19 17:24 A C:\backups\PDdomains\roston\cave\cave15.c <-- Primal Darkness /usr/local/mud/Beta-II/d/roston/cave cave15.c
2002.01.19 17:24 A C:\backups\PDdomains\roston\cave\cave2.c <-- Primal Darkness /usr/local/mud/Beta-II/d/roston/cave cave2.c
2002.01.19 17:24 A C:\backups\PDdomains\roston\cave\cave20.c <-- Primal Darkness /usr/local/mud/Beta-II/d/roston/cave cave20.c
2002.01.19 17:24 A C:\backups\PDdomains\roston\cave\cave3.c <-- Primal Darkness /usr/local/mud/Beta-II/d/roston/cave cave3.c
2002.01.19 17:25 A C:\backups\PDdomains\roston\cave\cave4.c <-- Primal Darkness /usr/local/mud/Beta-II/d/roston/cave cave4.c
2002.01.19 17:25 A C:\backups\PDdomains\roston\cave\cave5.c <-- Primal Darkness /usr/local/mud/Beta-II/d/roston/cave cave5.c
2002.01.19 17:25 A C:\backups\PDdomains\roston\cave\cave6.c <-- Primal Darkness /usr/local/mud/Beta-II/d/roston/cave cave6.c
2002.01.19 17:25 A C:\backups\PDdomains\roston\cave\cave7.c <-- Primal Darkness /usr/local/mud/Beta-II/d/roston/cave cave7.c
2002.01.19 17:25 A C:\backups\PDdomains\roston\cave\cave8.c <-- Primal Darkness /usr/local/mud/Beta-II/d/roston/cave cave8.c
2002.01.19 17:25 A C:\backups\PDdomains\roston\cave\e_bear.c <-- Primal Darkness /usr/local/mud/Beta-II/d/roston/cave e_bear.c
2002.01.19 17:25 A C:\backups\PDdomains\roston\cave\hunter2.c <-- Primal Darkness /usr/local/mud/Beta-II/d/roston/cave hunter2.c
2002.01.19 19:03 A C:\backups\PDdomains\roston\cave\bat.c --> iuis.org /usr/local/mud/Beta-II/d/roston/cave bat.c
2002.01.19 19:03 A C:\backups\PDdomains\roston\cave\cave0.c --> iuis.org /usr/local/mud/Beta-II/d/roston/cave cave0.c
2002.01.19 19:03 A C:\backups\PDdomains\roston\cave\cave1.c --> iuis.org /usr/local/mud/Beta-II/d/roston/cave cave1.c
2002.01.19 19:03 A C:\backups\PDdomains\roston\cave\cave10.c --> iuis.org /usr/local/mud/Beta-II/d/roston/cave cave10.c
2002.01.19 19:03 A C:\backups\PDdomains\roston\cave\cave15.c --> iuis.org /usr/local/mud/Beta-II/d/roston/cave cave15.c
2002.01.19 19:03 A C:\backups\PDdomains\roston\cave\cave2.c --> iuis.org /usr/local/mud/Beta-II/d/roston/cave cave2.c
2002.01.19 19:03 A C:\backups\PDdomains\roston\cave\cave20.c --> iuis.org /usr/local/mud/Beta-II/d/roston/cave cave20.c
2002.01.19 19:03 A C:\backups\PDdomains\roston\cave\cave3.c --> iuis.org /usr/local/mud/Beta-II/d/roston/cave cave3.c
2002.01.19 19:03 A C:\backups\PDdomains\roston\cave\cave4.c --> iuis.org /usr/local/mud/Beta-II/d/roston/cave cave4.c
2002.01.19 19:03 A C:\backups\PDdomains\roston\cave\cave5.c --> iuis.org /usr/local/mud/Beta-II/d/roston/cave cave5.c
2002.01.19 19:03 A C:\backups\PDdomains\roston\cave\cave6.c --> iuis.org /usr/local/mud/Beta-II/d/roston/cave cave6.c
2002.01.19 19:03 A C:\backups\PDdomains\roston\cave\cave7.c --> iuis.org /usr/local/mud/Beta-II/d/roston/cave cave7.c
2002.01.19 19:03 A C:\backups\PDdomains\roston\cave\cave8.c --> iuis.org /usr/local/mud/Beta-II/d/roston/cave cave8.c
2002.01.19 19:03 A C:\backups\PDdomains\roston\cave\e_bear.c --> iuis.org /usr/local/mud/Beta-II/d/roston/cave e_bear.c
2002.01.19 19:03 A C:\backups\PDdomains\roston\cave\hunter2.c --> iuis.org /usr/local/mud/Beta-II/d/roston/cave hunter2.c
