2002.01.19 17:24 A C:\backups\PDdomains\roston\cave\lava\demon.c <-- Primal Darkness /usr/local/mud/Beta-II/d/roston/cave/lava demon.c
2002.01.19 17:24 A C:\backups\PDdomains\roston\cave\lava\f_axe.c <-- Primal Darkness /usr/local/mud/Beta-II/d/roston/cave/lava f_axe.c
2002.01.19 17:24 A C:\backups\PDdomains\roston\cave\lava\f_dirk.c <-- Primal Darkness /usr/local/mud/Beta-II/d/roston/cave/lava f_dirk.c
2002.01.19 17:24 A C:\backups\PDdomains\roston\cave\lava\f_hammer.c <-- Primal Darkness /usr/local/mud/Beta-II/d/roston/cave/lava f_hammer.c
2002.01.19 17:24 A C:\backups\PDdomains\roston\cave\lava\f_knife.c <-- Primal Darkness /usr/local/mud/Beta-II/d/roston/cave/lava f_knife.c
2002.01.19 17:24 A C:\backups\PDdomains\roston\cave\lava\f_kris.c <-- Primal Darkness /usr/local/mud/Beta-II/d/roston/cave/lava f_kris.c
2002.01.19 17:24 A C:\backups\PDdomains\roston\cave\lava\F_lance.c <-- Primal Darkness /usr/local/mud/Beta-II/d/roston/cave/lava F_lance.c
2002.01.19 17:24 A C:\backups\PDdomains\roston\cave\lava\f_mace.c <-- Primal Darkness /usr/local/mud/Beta-II/d/roston/cave/lava f_mace.c
2002.01.19 17:24 A C:\backups\PDdomains\roston\cave\lava\f_saber.c <-- Primal Darkness /usr/local/mud/Beta-II/d/roston/cave/lava f_saber.c
2002.01.19 17:24 A C:\backups\PDdomains\roston\cave\lava\f_staff.c <-- Primal Darkness /usr/local/mud/Beta-II/d/roston/cave/lava f_staff.c
2002.01.19 17:24 A C:\backups\PDdomains\roston\cave\lava\f_star.c <-- Primal Darkness /usr/local/mud/Beta-II/d/roston/cave/lava f_star.c
2002.01.19 17:24 A C:\backups\PDdomains\roston\cave\lava\f_sword.c <-- Primal Darkness /usr/local/mud/Beta-II/d/roston/cave/lava f_sword.c
2002.01.19 17:24 A C:\backups\PDdomains\roston\cave\lava\f_whip.c <-- Primal Darkness /usr/local/mud/Beta-II/d/roston/cave/lava f_whip.c
2002.01.19 17:24 A C:\backups\PDdomains\roston\cave\lava\helm.c <-- Primal Darkness /usr/local/mud/Beta-II/d/roston/cave/lava helm.c
2002.01.19 17:24 A C:\backups\PDdomains\roston\cave\lava\lava1.c <-- Primal Darkness /usr/local/mud/Beta-II/d/roston/cave/lava lava1.c
2002.01.19 17:24 A C:\backups\PDdomains\roston\cave\lava\spirit.c <-- Primal Darkness /usr/local/mud/Beta-II/d/roston/cave/lava spirit.c
2002.01.19 19:02 A C:\backups\PDdomains\roston\cave\lava\demon.c --> iuis.org /usr/local/mud/Beta-II/d/roston/cave/lava demon.c
2002.01.19 19:02 A C:\backups\PDdomains\roston\cave\lava\f_axe.c --> iuis.org /usr/local/mud/Beta-II/d/roston/cave/lava f_axe.c
2002.01.19 19:03 A C:\backups\PDdomains\roston\cave\lava\f_dirk.c --> iuis.org /usr/local/mud/Beta-II/d/roston/cave/lava f_dirk.c
2002.01.19 19:03 A C:\backups\PDdomains\roston\cave\lava\f_hammer.c --> iuis.org /usr/local/mud/Beta-II/d/roston/cave/lava f_hammer.c
2002.01.19 19:03 A C:\backups\PDdomains\roston\cave\lava\f_knife.c --> iuis.org /usr/local/mud/Beta-II/d/roston/cave/lava f_knife.c
2002.01.19 19:03 A C:\backups\PDdomains\roston\cave\lava\f_kris.c --> iuis.org /usr/local/mud/Beta-II/d/roston/cave/lava f_kris.c
2002.01.19 19:03 A C:\backups\PDdomains\roston\cave\lava\F_lance.c --> iuis.org /usr/local/mud/Beta-II/d/roston/cave/lava F_lance.c
2002.01.19 19:03 A C:\backups\PDdomains\roston\cave\lava\f_mace.c --> iuis.org /usr/local/mud/Beta-II/d/roston/cave/lava f_mace.c
2002.01.19 19:03 A C:\backups\PDdomains\roston\cave\lava\f_saber.c --> iuis.org /usr/local/mud/Beta-II/d/roston/cave/lava f_saber.c
2002.01.19 19:03 A C:\backups\PDdomains\roston\cave\lava\f_staff.c --> iuis.org /usr/local/mud/Beta-II/d/roston/cave/lava f_staff.c
2002.01.19 19:03 A C:\backups\PDdomains\roston\cave\lava\f_star.c --> iuis.org /usr/local/mud/Beta-II/d/roston/cave/lava f_star.c
2002.01.19 19:03 A C:\backups\PDdomains\roston\cave\lava\f_sword.c --> iuis.org /usr/local/mud/Beta-II/d/roston/cave/lava f_sword.c
2002.01.19 19:03 A C:\backups\PDdomains\roston\cave\lava\f_whip.c --> iuis.org /usr/local/mud/Beta-II/d/roston/cave/lava f_whip.c
2002.01.19 19:03 A C:\backups\PDdomains\roston\cave\lava\helm.c --> iuis.org /usr/local/mud/Beta-II/d/roston/cave/lava helm.c
2002.01.19 19:03 A C:\backups\PDdomains\roston\cave\lava\lava1.c --> iuis.org /usr/local/mud/Beta-II/d/roston/cave/lava lava1.c
2002.01.19 19:03 A C:\backups\PDdomains\roston\cave\lava\spirit.c --> iuis.org /usr/local/mud/Beta-II/d/roston/cave/lava spirit.c
