2002.01.19 17:25 A C:\backups\PDdomains\roston\darksoul\agent.c <-- Primal Darkness /usr/local/mud/Beta-II/d/roston/darksoul agent.c
2002.01.19 17:25 A C:\backups\PDdomains\roston\darksoul\annubis.c <-- Primal Darkness /usr/local/mud/Beta-II/d/roston/darksoul annubis.c
2002.01.19 17:25 A C:\backups\PDdomains\roston\darksoul\ashes.c <-- Primal Darkness /usr/local/mud/Beta-II/d/roston/darksoul ashes.c
2002.01.19 17:25 A C:\backups\PDdomains\roston\darksoul\cloak.c <-- Primal Darkness /usr/local/mud/Beta-II/d/roston/darksoul cloak.c
2002.01.19 17:25 A C:\backups\PDdomains\roston\darksoul\d_knife.c <-- Primal Darkness /usr/local/mud/Beta-II/d/roston/darksoul d_knife.c
2002.01.19 17:25 A C:\backups\PDdomains\roston\darksoul\dungeon.c <-- Primal Darkness /usr/local/mud/Beta-II/d/roston/darksoul dungeon.c
2002.01.19 17:25 A C:\backups\PDdomains\roston\darksoul\guard.c <-- Primal Darkness /usr/local/mud/Beta-II/d/roston/darksoul guard.c
2002.01.19 17:25 A C:\backups\PDdomains\roston\darksoul\guardpd.c <-- Primal Darkness /usr/local/mud/Beta-II/d/roston/darksoul guardpd.c
2002.01.19 17:25 A C:\backups\PDdomains\roston\darksoul\item.c <-- Primal Darkness /usr/local/mud/Beta-II/d/roston/darksoul item.c
2002.01.19 17:25 A C:\backups\PDdomains\roston\darksoul\jeeves.c <-- Primal Darkness /usr/local/mud/Beta-II/d/roston/darksoul jeeves.c
2002.01.19 17:25 A C:\backups\PDdomains\roston\darksoul\room1.c <-- Primal Darkness /usr/local/mud/Beta-II/d/roston/darksoul room1.c
2002.01.19 17:25 A C:\backups\PDdomains\roston\darksoul\room2.c <-- Primal Darkness /usr/local/mud/Beta-II/d/roston/darksoul room2.c
2002.01.19 17:25 A C:\backups\PDdomains\roston\darksoul\room3.c <-- Primal Darkness /usr/local/mud/Beta-II/d/roston/darksoul room3.c
2002.01.19 17:25 A C:\backups\PDdomains\roston\darksoul\room5.c <-- Primal Darkness /usr/local/mud/Beta-II/d/roston/darksoul room5.c
2002.01.19 17:26 A C:\backups\PDdomains\roston\darksoul\screamer.c <-- Primal Darkness /usr/local/mud/Beta-II/d/roston/darksoul screamer.c
2002.01.19 17:26 A C:\backups\PDdomains\roston\darksoul\slayer.c <-- Primal Darkness /usr/local/mud/Beta-II/d/roston/darksoul slayer.c
2002.01.19 17:26 A C:\backups\PDdomains\roston\darksoul\soul.c <-- Primal Darkness /usr/local/mud/Beta-II/d/roston/darksoul soul.c
2002.01.19 17:26 A C:\backups\PDdomains\roston\darksoul\statue.c <-- Primal Darkness /usr/local/mud/Beta-II/d/roston/darksoul statue.c
2002.01.19 17:26 A C:\backups\PDdomains\roston\darksoul\storage.c <-- Primal Darkness /usr/local/mud/Beta-II/d/roston/darksoul storage.c
2002.01.19 17:26 A C:\backups\PDdomains\roston\darksoul\test.c <-- Primal Darkness /usr/local/mud/Beta-II/d/roston/darksoul test.c
2002.01.19 19:04 A C:\backups\PDdomains\roston\darksoul\agent.c --> iuis.org /usr/local/mud/Beta-II/d/roston/darksoul agent.c
2002.01.19 19:04 A C:\backups\PDdomains\roston\darksoul\annubis.c --> iuis.org /usr/local/mud/Beta-II/d/roston/darksoul annubis.c
2002.01.19 19:04 A C:\backups\PDdomains\roston\darksoul\ashes.c --> iuis.org /usr/local/mud/Beta-II/d/roston/darksoul ashes.c
2002.01.19 19:04 A C:\backups\PDdomains\roston\darksoul\cloak.c --> iuis.org /usr/local/mud/Beta-II/d/roston/darksoul cloak.c
2002.01.19 19:04 A C:\backups\PDdomains\roston\darksoul\d_knife.c --> iuis.org /usr/local/mud/Beta-II/d/roston/darksoul d_knife.c
2002.01.19 19:04 A C:\backups\PDdomains\roston\darksoul\dungeon.c --> iuis.org /usr/local/mud/Beta-II/d/roston/darksoul dungeon.c
2002.01.19 19:04 A C:\backups\PDdomains\roston\darksoul\guard.c --> iuis.org /usr/local/mud/Beta-II/d/roston/darksoul guard.c
2002.01.19 19:04 A C:\backups\PDdomains\roston\darksoul\guardpd.c --> iuis.org /usr/local/mud/Beta-II/d/roston/darksoul guardpd.c
2002.01.19 19:04 A C:\backups\PDdomains\roston\darksoul\item.c --> iuis.org /usr/local/mud/Beta-II/d/roston/darksoul item.c
2002.01.19 19:04 A C:\backups\PDdomains\roston\darksoul\jeeves.c --> iuis.org /usr/local/mud/Beta-II/d/roston/darksoul jeeves.c
2002.01.19 19:04 A C:\backups\PDdomains\roston\darksoul\room1.c --> iuis.org /usr/local/mud/Beta-II/d/roston/darksoul room1.c
2002.01.19 19:04 A C:\backups\PDdomains\roston\darksoul\room2.c --> iuis.org /usr/local/mud/Beta-II/d/roston/darksoul room2.c
2002.01.19 19:04 A C:\backups\PDdomains\roston\darksoul\room3.c --> iuis.org /usr/local/mud/Beta-II/d/roston/darksoul room3.c
2002.01.19 19:04 A C:\backups\PDdomains\roston\darksoul\room5.c --> iuis.org /usr/local/mud/Beta-II/d/roston/darksoul room5.c
2002.01.19 19:04 A C:\backups\PDdomains\roston\darksoul\screamer.c --> iuis.org /usr/local/mud/Beta-II/d/roston/darksoul screamer.c
2002.01.19 19:04 A C:\backups\PDdomains\roston\darksoul\slayer.c --> iuis.org /usr/local/mud/Beta-II/d/roston/darksoul slayer.c
2002.01.19 19:04 A C:\backups\PDdomains\roston\darksoul\soul.c --> iuis.org /usr/local/mud/Beta-II/d/roston/darksoul soul.c
2002.01.19 19:04 A C:\backups\PDdomains\roston\darksoul\statue.c --> iuis.org /usr/local/mud/Beta-II/d/roston/darksoul statue.c
2002.01.19 19:04 A C:\backups\PDdomains\roston\darksoul\storage.c --> iuis.org /usr/local/mud/Beta-II/d/roston/darksoul storage.c
2002.01.19 19:04 A C:\backups\PDdomains\roston\darksoul\test.c --> iuis.org /usr/local/mud/Beta-II/d/roston/darksoul test.c
